{"contracts\\interfaces\\IAdmin.sol":{"l":{},"path":"E:\\cpchain-dapps-sponsor\\contracts\\interfaces\\IAdmin.sol","s":{},"b":{},"f":{},"fnMap":{},"statementMap":{},"branchMap":{}},"contracts\\interfaces\\IRegistrant.sol":{"l":{},"path":"E:\\cpchain-dapps-sponsor\\contracts\\interfaces\\IRegistrant.sol","s":{},"b":{},"f":{},"fnMap":{},"statementMap":{},"branchMap":{}},"contracts\\interfaces\\ISponsor.sol":{"l":{},"path":"E:\\cpchain-dapps-sponsor\\contracts\\interfaces\\ISponsor.sol","s":{},"b":{},"f":{},"fnMap":{},"statementMap":{},"branchMap":{}},"contracts\\lib\\Enable.sol":{"l":{"18":45,"19":45,"26":0,"27":0,"34":0,"35":0},"path":"E:\\cpchain-dapps-sponsor\\contracts\\lib\\Enable.sol","s":{"1":45,"2":0,"3":0,"4":0,"5":0},"b":{"1":[45,0]},"f":{"1":45,"2":0,"3":0},"fnMap":{"1":{"name":"onlyEnabled","line":17,"loc":{"start":{"line":17,"column":4},"end":{"line":20,"column":4}}},"2":{"name":"enableContract","line":25,"loc":{"start":{"line":25,"column":4},"end":{"line":28,"column":4}}},"3":{"name":"disableContract","line":33,"loc":{"start":{"line":33,"column":4},"end":{"line":36,"column":4}}}},"statementMap":{"1":{"start":{"line":18,"column":8},"end":{"line":18,"column":23}},"2":{"start":{"line":26,"column":8},"end":{"line":26,"column":21}},"3":{"start":{"line":27,"column":8},"end":{"line":27,"column":41}},"4":{"start":{"line":34,"column":8},"end":{"line":34,"column":22}},"5":{"start":{"line":35,"column":8},"end":{"line":35,"column":41}}},"branchMap":{"1":{"line":18,"type":"if","locations":[{"start":{"line":18,"column":8},"end":{"line":18,"column":8}},{"start":{"line":18,"column":8},"end":{"line":18,"column":8}}]}}},"contracts\\lib\\Ownable.sol":{"l":{"22":3,"29":8,"30":6,"37":0,"38":0,"39":0},"path":"E:\\cpchain-dapps-sponsor\\contracts\\lib\\Ownable.sol","s":{"1":3,"2":8,"3":0,"4":0,"5":0},"b":{"1":[6,2],"2":[0,0]},"f":{"1":3,"2":8,"3":0},"fnMap":{"1":{"name":"constructor","line":21,"loc":{"start":{"line":21,"column":4},"end":{"line":23,"column":4}}},"2":{"name":"onlyOwner","line":28,"loc":{"start":{"line":28,"column":4},"end":{"line":31,"column":4}}},"3":{"name":"transferOwnership","line":36,"loc":{"start":{"line":36,"column":4},"end":{"line":40,"column":4}}}},"statementMap":{"1":{"start":{"line":22,"column":8},"end":{"line":22,"column":25}},"2":{"start":{"line":29,"column":8},"end":{"line":29,"column":76}},"3":{"start":{"line":37,"column":8},"end":{"line":37,"column":38}},"4":{"start":{"line":38,"column":8},"end":{"line":38,"column":50}},"5":{"start":{"line":39,"column":8},"end":{"line":39,"column":23}}},"branchMap":{"1":{"line":29,"type":"if","locations":[{"start":{"line":29,"column":8},"end":{"line":29,"column":8}},{"start":{"line":29,"column":8},"end":{"line":29,"column":8}}]},"2":{"line":37,"type":"if","locations":[{"start":{"line":37,"column":8},"end":{"line":37,"column":8}},{"start":{"line":37,"column":8},"end":{"line":37,"column":8}}]}}},"contracts\\Sponsor.sol":{"l":{"35":0,"36":0,"38":0,"44":10,"45":6,"49":20,"50":16,"51":10,"55":1,"56":1,"57":1,"59":1,"63":0,"64":0,"65":0,"69":0,"70":0,"71":0,"75":0,"76":0,"77":0,"81":21,"82":19,"83":17,"84":15,"86":13,"87":13,"88":13,"100":13,"101":13,"105":4,"106":4,"107":4,"109":4,"113":0,"114":0,"116":0,"117":0,"118":0,"119":0,"120":0,"121":0,"122":0,"123":0,"125":0,"129":1,"130":1,"131":1,"132":1,"133":1,"135":1,"139":5,"140":3,"141":1,"142":1,"143":1,"144":1,"146":1},"path":"E:\\cpchain-dapps-sponsor\\contracts\\Sponsor.sol","s":{"1":0,"2":0,"3":0,"4":10,"5":20,"6":16,"7":1,"8":1,"9":1,"10":1,"11":0,"12":0,"13":0,"14":0,"15":0,"16":0,"17":0,"18":0,"19":0,"20":21,"21":19,"22":17,"23":15,"24":13,"25":13,"26":13,"27":13,"28":13,"29":4,"30":4,"31":4,"32":4,"33":0,"34":0,"35":0,"36":0,"37":0,"38":0,"39":0,"40":0,"41":0,"42":0,"43":0,"44":1,"45":1,"46":1,"47":1,"48":1,"49":1,"50":5,"51":3,"52":1,"53":1,"54":1,"55":1,"56":1},"b":{"1":[0,0],"2":[6,4],"3":[16,4],"4":[10,6],"5":[1,0],"6":[1,0],"7":[0,0],"8":[0,0],"9":[0,0],"10":[0,0],"11":[0,0],"12":[0,0],"13":[19,2],"14":[17,2],"15":[15,2],"16":[13,2],"17":[0,0],"18":[0,0],"19":[0,0],"20":[0,0],"21":[0,0],"22":[3,2],"23":[1,2]},"f":{"1":0,"2":10,"3":20,"4":1,"5":0,"6":0,"7":0,"8":21,"9":4,"10":0,"11":1,"12":5},"fnMap":{"1":{"name":"strCompare","line":34,"loc":{"start":{"line":34,"column":4},"end":{"line":40,"column":4}}},"2":{"name":"onlyRegistrant","line":43,"loc":{"start":{"line":43,"column":4},"end":{"line":46,"column":4}}},"3":{"name":"onlyRegistered","line":48,"loc":{"start":{"line":48,"column":4},"end":{"line":52,"column":4}}},"4":{"name":"setMaxSponsorLimit","line":54,"loc":{"start":{"line":54,"column":4},"end":{"line":60,"column":4}}},"5":{"name":"setMaxNameLength","line":62,"loc":{"start":{"line":62,"column":4},"end":{"line":66,"column":4}}},"6":{"name":"setMaxUrlLength","line":68,"loc":{"start":{"line":68,"column":4},"end":{"line":72,"column":4}}},"7":{"name":"setMaxInfoLength","line":74,"loc":{"start":{"line":74,"column":4},"end":{"line":78,"column":4}}},"8":{"name":"registerDapp","line":80,"loc":{"start":{"line":80,"column":4},"end":{"line":102,"column":4}}},"9":{"name":"deregisterDapp","line":104,"loc":{"start":{"line":104,"column":4},"end":{"line":110,"column":4}}},"10":{"name":"modifyDapp","line":112,"loc":{"start":{"line":112,"column":4},"end":{"line":126,"column":4}}},"11":{"name":"takedownDapp","line":128,"loc":{"start":{"line":128,"column":4},"end":{"line":136,"column":4}}},"12":{"name":"sponsor","line":138,"loc":{"start":{"line":138,"column":4},"end":{"line":147,"column":4}}}},"statementMap":{"1":{"start":{"line":35,"column":8},"end":{"line":35,"column":1117}},"2":{"start":{"line":36,"column":12},"end":{"line":36,"column":24}},"3":{"start":{"line":38,"column":12},"end":{"line":38,"column":83}},"4":{"start":{"line":44,"column":8},"end":{"line":44,"column":87}},"5":{"start":{"line":49,"column":8},"end":{"line":49,"column":81}},"6":{"start":{"line":50,"column":8},"end":{"line":50,"column":68}},"7":{"start":{"line":55,"column":8},"end":{"line":55,"column":78}},"8":{"start":{"line":56,"column":8},"end":{"line":56,"column":90}},"9":{"start":{"line":57,"column":8},"end":{"line":57,"column":30}},"10":{"start":{"line":59,"column":8},"end":{"line":59,"column":55}},"11":{"start":{"line":63,"column":8},"end":{"line":63,"column":71}},"12":{"start":{"line":64,"column":8},"end":{"line":64,"column":80}},"13":{"start":{"line":65,"column":8},"end":{"line":65,"column":26}},"14":{"start":{"line":69,"column":8},"end":{"line":69,"column":70}},"15":{"start":{"line":70,"column":8},"end":{"line":70,"column":79}},"16":{"start":{"line":71,"column":8},"end":{"line":71,"column":25}},"17":{"start":{"line":75,"column":8},"end":{"line":75,"column":71}},"18":{"start":{"line":76,"column":8},"end":{"line":76,"column":80}},"19":{"start":{"line":77,"column":8},"end":{"line":77,"column":26}},"20":{"start":{"line":81,"column":8},"end":{"line":81,"column":91}},"21":{"start":{"line":82,"column":8},"end":{"line":82,"column":75}},"22":{"start":{"line":83,"column":8},"end":{"line":83,"column":87}},"23":{"start":{"line":84,"column":8},"end":{"line":84,"column":106}},"24":{"start":{"line":86,"column":8},"end":{"line":86,"column":44}},"25":{"start":{"line":87,"column":8},"end":{"line":87,"column":21}},"26":{"start":{"line":88,"column":8},"end":{"line":88,"column":3413}},"27":{"start":{"line":100,"column":8},"end":{"line":100,"column":29}},"28":{"start":{"line":101,"column":8},"end":{"line":101,"column":90}},"29":{"start":{"line":105,"column":8},"end":{"line":105,"column":36}},"30":{"start":{"line":106,"column":8},"end":{"line":106,"column":47}},"31":{"start":{"line":107,"column":8},"end":{"line":107,"column":30}},"32":{"start":{"line":109,"column":8},"end":{"line":109,"column":49}},"33":{"start":{"line":113,"column":8},"end":{"line":113,"column":4421}},"34":{"start":{"line":114,"column":12},"end":{"line":114,"column":79}},"35":{"start":{"line":116,"column":8},"end":{"line":116,"column":90}},"36":{"start":{"line":117,"column":8},"end":{"line":117,"column":87}},"37":{"start":{"line":118,"column":8},"end":{"line":118,"column":106}},"38":{"start":{"line":119,"column":8},"end":{"line":119,"column":32}},"39":{"start":{"line":120,"column":8},"end":{"line":120,"column":44}},"40":{"start":{"line":121,"column":8},"end":{"line":121,"column":31}},"41":{"start":{"line":122,"column":8},"end":{"line":122,"column":44}},"42":{"start":{"line":123,"column":8},"end":{"line":123,"column":44}},"43":{"start":{"line":125,"column":8},"end":{"line":125,"column":97}},"44":{"start":{"line":129,"column":8},"end":{"line":129,"column":36}},"45":{"start":{"line":130,"column":8},"end":{"line":130,"column":47}},"46":{"start":{"line":131,"column":8},"end":{"line":131,"column":30}},"47":{"start":{"line":132,"column":8},"end":{"line":132,"column":53}},"48":{"start":{"line":133,"column":8},"end":{"line":133,"column":45}},"49":{"start":{"line":135,"column":8},"end":{"line":135,"column":62}},"50":{"start":{"line":139,"column":8},"end":{"line":139,"column":75}},"51":{"start":{"line":140,"column":8},"end":{"line":140,"column":102}},"52":{"start":{"line":141,"column":8},"end":{"line":141,"column":49}},"53":{"start":{"line":142,"column":8},"end":{"line":142,"column":32}},"54":{"start":{"line":143,"column":8},"end":{"line":143,"column":41}},"55":{"start":{"line":144,"column":8},"end":{"line":144,"column":44}},"56":{"start":{"line":146,"column":8},"end":{"line":146,"column":62}}},"branchMap":{"1":{"line":35,"type":"if","locations":[{"start":{"line":35,"column":8},"end":{"line":35,"column":8}},{"start":{"line":35,"column":8},"end":{"line":35,"column":8}}]},"2":{"line":44,"type":"if","locations":[{"start":{"line":44,"column":8},"end":{"line":44,"column":8}},{"start":{"line":44,"column":8},"end":{"line":44,"column":8}}]},"3":{"line":49,"type":"if","locations":[{"start":{"line":49,"column":8},"end":{"line":49,"column":8}},{"start":{"line":49,"column":8},"end":{"line":49,"column":8}}]},"4":{"line":50,"type":"if","locations":[{"start":{"line":50,"column":8},"end":{"line":50,"column":8}},{"start":{"line":50,"column":8},"end":{"line":50,"column":8}}]},"5":{"line":55,"type":"if","locations":[{"start":{"line":55,"column":8},"end":{"line":55,"column":8}},{"start":{"line":55,"column":8},"end":{"line":55,"column":8}}]},"6":{"line":56,"type":"if","locations":[{"start":{"line":56,"column":8},"end":{"line":56,"column":8}},{"start":{"line":56,"column":8},"end":{"line":56,"column":8}}]},"7":{"line":63,"type":"if","locations":[{"start":{"line":63,"column":8},"end":{"line":63,"column":8}},{"start":{"line":63,"column":8},"end":{"line":63,"column":8}}]},"8":{"line":64,"type":"if","locations":[{"start":{"line":64,"column":8},"end":{"line":64,"column":8}},{"start":{"line":64,"column":8},"end":{"line":64,"column":8}}]},"9":{"line":69,"type":"if","locations":[{"start":{"line":69,"column":8},"end":{"line":69,"column":8}},{"start":{"line":69,"column":8},"end":{"line":69,"column":8}}]},"10":{"line":70,"type":"if","locations":[{"start":{"line":70,"column":8},"end":{"line":70,"column":8}},{"start":{"line":70,"column":8},"end":{"line":70,"column":8}}]},"11":{"line":75,"type":"if","locations":[{"start":{"line":75,"column":8},"end":{"line":75,"column":8}},{"start":{"line":75,"column":8},"end":{"line":75,"column":8}}]},"12":{"line":76,"type":"if","locations":[{"start":{"line":76,"column":8},"end":{"line":76,"column":8}},{"start":{"line":76,"column":8},"end":{"line":76,"column":8}}]},"13":{"line":81,"type":"if","locations":[{"start":{"line":81,"column":8},"end":{"line":81,"column":8}},{"start":{"line":81,"column":8},"end":{"line":81,"column":8}}]},"14":{"line":82,"type":"if","locations":[{"start":{"line":82,"column":8},"end":{"line":82,"column":8}},{"start":{"line":82,"column":8},"end":{"line":82,"column":8}}]},"15":{"line":83,"type":"if","locations":[{"start":{"line":83,"column":8},"end":{"line":83,"column":8}},{"start":{"line":83,"column":8},"end":{"line":83,"column":8}}]},"16":{"line":84,"type":"if","locations":[{"start":{"line":84,"column":8},"end":{"line":84,"column":8}},{"start":{"line":84,"column":8},"end":{"line":84,"column":8}}]},"17":{"line":113,"type":"if","locations":[{"start":{"line":113,"column":8},"end":{"line":113,"column":8}},{"start":{"line":113,"column":8},"end":{"line":113,"column":8}}]},"18":{"line":114,"type":"if","locations":[{"start":{"line":114,"column":12},"end":{"line":114,"column":12}},{"start":{"line":114,"column":12},"end":{"line":114,"column":12}}]},"19":{"line":116,"type":"if","locations":[{"start":{"line":116,"column":8},"end":{"line":116,"column":8}},{"start":{"line":116,"column":8},"end":{"line":116,"column":8}}]},"20":{"line":117,"type":"if","locations":[{"start":{"line":117,"column":8},"end":{"line":117,"column":8}},{"start":{"line":117,"column":8},"end":{"line":117,"column":8}}]},"21":{"line":118,"type":"if","locations":[{"start":{"line":118,"column":8},"end":{"line":118,"column":8}},{"start":{"line":118,"column":8},"end":{"line":118,"column":8}}]},"22":{"line":139,"type":"if","locations":[{"start":{"line":139,"column":8},"end":{"line":139,"column":8}},{"start":{"line":139,"column":8},"end":{"line":139,"column":8}}]},"23":{"line":140,"type":"if","locations":[{"start":{"line":140,"column":8},"end":{"line":140,"column":8}},{"start":{"line":140,"column":8},"end":{"line":140,"column":8}}]}}}}